<?xml version="1.0" encoding="UTF-8"?>
<!-- Generated by org.testng.reporters.JUnitReportReporter -->
<testsuite ignored="0" hostname="AR12-Z47" failures="0" tests="1" name="test.WahooTest" time="122.448" errors="0" timestamp="14 Dec 2022 18:52:58 GMT" skipped="0">
  <testcase classname="test.WahooTest" name="Wahoo" time="122.448"/>
</testsuite> <!-- test.WahooTest -->
